<?xml version="1.0" encoding="UTF-8"?>
<!-- Generated by org.testng.reporters.JUnitReportReporter -->
<testsuite skipped="0" hostname="DESKTOP-3RJNAQ8" name="tests.MealItemTest" tests="1" failures="0" timestamp="2021-10-19T16:49:14 CEST" time="28.671" errors="0">
  <testcase name="addMealToCart" time="28.671" classname="tests.MealItemTest"/>
  <system-out/>
</testsuite> <!-- tests.MealItemTest -->
