<?xml version="1.0" encoding="UTF-8"?>
<!-- Generated by org.testng.reporters.JUnitReportReporter -->
<testsuite skipped="0" hostname="DESKTOP-3RJNAQ8" name="tests.ProfileTest" tests="1" failures="0" timestamp="2021-10-19T14:46:55 CEST" time="38.886" errors="0">
  <testcase name="changeProfileImageTest" time="38.886" classname="tests.ProfileTest"/>
  <system-out/>
</testsuite> <!-- tests.ProfileTest -->
