<?xml version="1.0" encoding="UTF-8"?>
<!-- Generated by org.testng.reporters.JUnitReportReporter -->
<testsuite skipped="0" hostname="DESKTOP-3RJNAQ8" name="tests.MealItemTest" tests="1" failures="0" timestamp="2021-10-19T18:12:32 CEST" time="20.883" errors="0">
  <testcase name="addMealToFavoriteTest" time="20.883" classname="tests.MealItemTest"/>
  <system-out/>
</testsuite> <!-- tests.MealItemTest -->
